<?xml version="1.0" encoding="UTF-8"?>
<!-- Generated by org.testng.reporters.JUnitReportReporter -->
<testsuite hostname="TYSS-ELF-Manjunath" name="com.vTigerCRM.objectRepository.FindBysTest" tests="1" failures="0" timestamp="28 Apr 2020 04:29:04 GMT" time="12.303" errors="0">
  <testcase name="myTest" time="12.303" classname="com.vTigerCRM.objectRepository.FindBysTest"/>
</testsuite> <!-- com.vTigerCRM.objectRepository.FindBysTest -->
