<?xml version="1.0" encoding="UTF-8"?>
<!-- Generated by org.testng.reporters.JUnitReportReporter -->
<testsuite hostname="TYSS-ELF-Manjunath" name="com.vTigerCRM.testScripts.CreateVendorTest" tests="1" failures="0" timestamp="20 Apr 2020 02:46:18 GMT" time="13.321" errors="0">
  <testcase name="createVendorTest" time="13.321" classname="com.vTigerCRM.testScripts.CreateVendorTest"/>
</testsuite> <!-- com.vTigerCRM.testScripts.CreateVendorTest -->
