<?xml version="1.0" encoding="UTF-8"?>
<!-- Generated by org.testng.reporters.JUnitReportReporter -->
<testsuite hostname="TYSS-ELF-Manjunath" name="com.vTigerCRM.testScripts.CreateProductTest" tests="1" failures="0" timestamp="20 Apr 2020 03:24:59 GMT" time="13.430" errors="0">
  <testcase name="createProduct" time="13.430" classname="com.vTigerCRM.testScripts.CreateProductTest"/>
</testsuite> <!-- com.vTigerCRM.testScripts.CreateProductTest -->
