<?xml version="1.0" encoding="UTF-8"?>
<!-- Generated by org.testng.reporters.JUnitReportReporter -->
<testsuite hostname="TYSS-ELF-Manjunath" name="com.vTigerCRM.testScripts.CreateQuoteTest" tests="1" failures="0" timestamp="20 Apr 2020 03:24:59 GMT" time="11.886" errors="0">
  <testcase name="deleteQuotation" time="11.886" classname="com.vTigerCRM.testScripts.CreateQuoteTest"/>
</testsuite> <!-- com.vTigerCRM.testScripts.CreateQuoteTest -->
