<?xml version="1.0" encoding="UTF-8"?>
<!-- Generated by org.testng.reporters.JUnitReportReporter -->
<testsuite hostname="TYSS-ELF-Manjunath" name="com.vTigerCRM.testScripts.DemoOfFindBysFindAll" tests="1" failures="0" timestamp="29 Apr 2020 01:52:58 GMT" time="16.705" errors="0">
  <testcase name="test" time="16.705" classname="com.vTigerCRM.testScripts.DemoOfFindBysFindAll"/>
</testsuite> <!-- com.vTigerCRM.testScripts.DemoOfFindBysFindAll -->
