<?xml version="1.0" encoding="UTF-8"?>
<!-- Generated by org.testng.reporters.JUnitReportReporter -->
<testsuite hostname="TYSS-ELF-Manjunath" name="com.vTigerCRM.testScripts.TS_2000" tests="3" failures="0" timestamp="28 Apr 2020 01:19:01 GMT" time="0.011" errors="0">
  <testcase name="dataProviderTest" time="0.008" classname="com.vTigerCRM.testScripts.TS_2000"/>
  <testcase name="dataProviderTest" time="0.002" classname="com.vTigerCRM.testScripts.TS_2000"/>
  <testcase name="dataProviderTest" time="0.001" classname="com.vTigerCRM.testScripts.TS_2000"/>
</testsuite> <!-- com.vTigerCRM.testScripts.TS_2000 -->
