<?xml version="1.0" encoding="UTF-8"?>
<!-- Generated by org.testng.reporters.JUnitReportReporter -->
<testsuite hostname="TYSS-ELF-Manjunath" name="stale.StaleDemo" tests="1" failures="0" timestamp="24 Apr 2020 03:29:48 GMT" time="17.231" errors="0">
  <testcase name="loginTest" time="17.231" classname="stale.StaleDemo"/>
</testsuite> <!-- stale.StaleDemo -->
