<?xml version="1.0" encoding="UTF-8"?>
<!-- Generated by org.testng.reporters.JUnitReportReporter -->
<testsuite hostname="TYSS-ELF-Manjunath" name="com.vTigerCRM.testScripts.CreateConactTest" tests="1" failures="0" timestamp="29 Apr 2020 02:40:28 GMT" time="54.325" errors="0">
  <testcase name="createContactTest" time="54.325" classname="com.vTigerCRM.testScripts.CreateConactTest"/>
</testsuite> <!-- com.vTigerCRM.testScripts.CreateConactTest -->
