<?xml version="1.0" encoding="UTF-8"?>
<!-- Generated by org.testng.reporters.JUnitReportReporter -->
<testsuite hostname="TYSS-ELF-Manjunath" name="com.vTigerCRM.testScripts.CreateOpportunityTest" tests="1" failures="0" timestamp="27 Apr 2020 02:14:47 GMT" time="13.486" errors="0">
  <testcase name="createOpportunityTest" time="13.486" classname="com.vTigerCRM.testScripts.CreateOpportunityTest"/>
</testsuite> <!-- com.vTigerCRM.testScripts.CreateOpportunityTest -->
